<?xml version="1.0" encoding="UTF-8"?>
<!-- Generated by org.testng.reporters.JUnitXMLReporter -->
<testsuite ignored="0" hostname="LAPTOP-Q1Q7UQ4S" failures="0" tests="3" name="Default test" time="7.825" errors="0" timestamp="2024-07-23T23:33:16 EDT">
  <testcase classname="AddNewEntryForm2" name="openBrowser" time="1.921"/>
  <testcase classname="AddNewEntryForm2" name="AddNewEntry" time="0.632"/>
  <testcase classname="AddNewEntryForm2" name="closeBrowser" time="5.198"/>
</testsuite> <!-- Default test -->
