<?xml version="1.0" encoding="UTF-8"?>
<testng-results ignored="0" total="3" passed="3" failed="0" skipped="0">
  <reporter-output>
  </reporter-output>
  <suite started-at="2024-07-23T23:33:08 EDT" name="Default suite" finished-at="2024-07-23T23:33:16 EDT" duration-ms="7825">
    <groups>
    </groups>
    <test started-at="2024-07-23T23:33:08 EDT" name="Default test" finished-at="2024-07-23T23:33:16 EDT" duration-ms="7825">
      <class name="AddNewEntryForm2">
        <test-method signature="openBrowser()[pri:1, instance:AddNewEntryForm2@46cdf8bd]" started-at="2024-07-23T23:33:08 EDT" name="openBrowser" finished-at="2024-07-23T23:33:10 EDT" duration-ms="1921" status="PASS">
          <reporter-output>
          </reporter-output>
        </test-method> <!-- openBrowser -->
        <test-method signature="AddNewEntry()[pri:2, instance:AddNewEntryForm2@46cdf8bd]" started-at="2024-07-23T23:33:10 EDT" name="AddNewEntry" finished-at="2024-07-23T23:33:11 EDT" duration-ms="632" status="PASS">
          <reporter-output>
          </reporter-output>
        </test-method> <!-- AddNewEntry -->
        <test-method signature="closeBrowser()[pri:3, instance:AddNewEntryForm2@46cdf8bd]" started-at="2024-07-23T23:33:11 EDT" name="closeBrowser" finished-at="2024-07-23T23:33:16 EDT" duration-ms="5198" status="PASS">
          <reporter-output>
          </reporter-output>
        </test-method> <!-- closeBrowser -->
      </class> <!-- AddNewEntryForm2 -->
    </test> <!-- Default test -->
  </suite> <!-- Default suite -->
</testng-results>
